[0m11:56:10.255667 [debug] [MainThread]: Sending event: {'category': 'dbt', 'action': 'invocation', 'label': 'start', 'context': [<snowplow_tracker.self_describing_json.SelfDescribingJson object at 0x000002074117FC90>, <snowplow_tracker.self_describing_json.SelfDescribingJson object at 0x000002074117B810>, <snowplow_tracker.self_describing_json.SelfDescribingJson object at 0x000002074117FF10>]}


============================== 11:56:10.334701 | 861f03e9-c662-4e5e-b3d9-d1b5c4389c5c ==============================
[0m11:56:10.334701 [info ] [MainThread]: Running with dbt=1.11.11
[0m11:56:10.334701 [debug] [MainThread]: running dbt with arguments {'static_parser': 'True', 'no_print': 'None', 'version_check': 'True', 'warn_error_options': 'WarnErrorOptionsV2(error=[], warn=[], silence=[])', 'target_path': 'None', 'printer_width': '80', 'write_json': 'True', 'introspect': 'True', 'log_cache_events': 'False', 'empty': 'None', 'cache_selected_only': 'False', 'fail_fast': 'False', 'debug': 'False', 'log_format': 'default', 'profiles_dir': 'C:\\Users\\Pixel PC 01\\.dbt', 'send_anonymous_usage_stats': 'True', 'quiet': 'False', 'warn_error': 'None', 'partial_parse': 'True', 'indirect_selection': 'eager', 'use_colors': 'True', 'invocation_command': 'dbt init dbt_project --skip-profile-setup', 'use_experimental_parser': 'False', 'log_path': 'logs'}
[0m11:56:10.346701 [info ] [MainThread]: Creating dbt configuration folder at C:\Users\Pixel PC 01\.dbt
[0m11:56:10.347701 [debug] [MainThread]: Starter project path: C:\Users\Pixel PC 01\AppData\Local\hermes\hermes-agent\venv\Lib\site-packages\dbt\include\starter_project
[0m11:56:10.401069 [info ] [MainThread]: 
Your new dbt project "dbt_project" was created!

For more information on how to configure the profiles.yml file,
please consult the dbt documentation here:

  https://docs.getdbt.com/docs/configure-your-profile

One more thing:

Need help? Don't hesitate to reach out to us via GitHub issues or on Slack:

  https://community.getdbt.com/

Happy modeling!

[0m11:56:10.402069 [debug] [MainThread]: Command `dbt init` succeeded at 11:56:10.402069 after 0.22 seconds
[0m11:56:10.402069 [debug] [MainThread]: Sending event: {'category': 'dbt', 'action': 'invocation', 'label': 'end', 'context': [<snowplow_tracker.self_describing_json.SelfDescribingJson object at 0x0000020740169250>, <snowplow_tracker.self_describing_json.SelfDescribingJson object at 0x000002073965EAD0>, <snowplow_tracker.self_describing_json.SelfDescribingJson object at 0x000002073FEF7BD0>]}
[0m11:56:10.402069 [debug] [MainThread]: Flushing usage events
[0m11:56:11.674424 [debug] [MainThread]: An error was encountered while trying to flush usage events
{"data":{"log_version":3,"version":"=2.0.0-preview.190"},"info":{"category":"","code":"A001","extra":{},"invocation_id":"019efd5c-eaaf-78c0-9c3b-e9e8e34f0ab7","level":"info","msg":"Running with dbt-fusion=2.0.0-preview.190","name":"MainReportVersion","pid":95075,"thread":"tokio-rt-worker","ts":"2026-06-25T05:59:45.593889Z"}}
{"data":{"args":{"debug":"false","invocation_command":"/Users/batdorjsukhbaatar/.local/bin/dbt license info --json --log-format json","log_format":"json","quiet":"false","write_json":"true"}},"info":{"category":"","code":"A002","extra":{},"invocation_id":"019efd5c-eaaf-78c0-9c3b-e9e8e34f0ab7","level":"debug","msg":"running dbt-fusion with arguments {\"command\":\"license\",\"vars\":\"{}\",\"limit\":\"10\",\"debug\":false,\"log_format\":\"json\",\"quiet\":false,\"write_json\":true,\"write_catalog\":false}","name":"MainReportArgs","pid":95075,"thread":"tokio-rt-worker","ts":"2026-06-25T05:59:45.593898Z"}}
{"data":{},"info":{"category":"","code":"","extra":{},"invocation_id":"019efd5c-eaaf-78c0-9c3b-e9e8e34f0ab7","level":"debug","msg":"Requesting license from https://oa426.us1.dbt.com/api/private/accounts/70506183142938/feature-licenses/ with 1 key IDs: [\"fusion-prod-2025-11-20\"]","name":"Generic","pid":95075,"thread":"tokio-rt-worker","ts":"2026-06-25T05:59:45.784775Z"}}
{"data":{},"info":{"category":"","code":"","extra":{},"invocation_id":"019efd5c-eaaf-78c0-9c3b-e9e8e34f0ab7","level":"warn","msg":"[warning] [LicenseError (dbt1068)]: Error loading license from remote server oa426.us1.dbt.com, skipping: Email not verified","name":"Generic","pid":95075,"thread":"tokio-rt-worker","ts":"2026-06-25T05:59:46.540662Z"}}
{"data":{},"info":{"category":"","code":"","extra":{},"invocation_id":"019efd5c-eaaf-78c0-9c3b-e9e8e34f0ab7","level":"debug","msg":"Requesting license from https://oa426.us1.dbt.com/api/private/accounts/70506183142938/feature-licenses/ with 1 key IDs: [\"fusion-prod-2025-11-20\"]","name":"Generic","pid":95075,"thread":"tokio-rt-worker","ts":"2026-06-25T05:59:46.644461Z"}}
{"data":{"columns":[],"is_inline":true,"node_name":"license_info","output_format":"json","preview":"{\n  \"status\": \"not_found\",\n  \"licensing_enabled\": true\n}","unique_id":"license.info"},"info":{"category":"","code":"Q041","extra":{},"invocation_id":"019efd5c-eaaf-78c0-9c3b-e9e8e34f0ab7","level":"info","msg":"{\n  \"status\": \"not_found\",\n  \"licensing_enabled\": true\n}","name":"ShowNode","pid":95075,"thread":"tokio-rt-worker","ts":"2026-06-25T05:59:47.399495Z"}}
{"data":{"completed_at":"2026-06-25T05:59:47.519917Z","elapsed":1.9274040460586548,"success":true},"info":{"category":"","code":"Q039","extra":{},"invocation_id":"019efd5c-eaaf-78c0-9c3b-e9e8e34f0ab7","level":"info","msg":"\n==================== Execution Summary =====================\nFinished 'license' with 1 warning [1.9s]","name":"CommandCompleted","pid":95075,"thread":"tokio-rt-worker","ts":"2026-06-25T05:59:47.520682Z"}}
